{
  "cuda": "12.6",
  "git_commit": "1c98463528218000b999ec95df9b897ef793cc8c",
  "multi_gpu_reproducible": true,
  "platform": "Linux-6.8.0-111-generic-x86_64-with-glibc2.39",
  "python": "3.12.3",
  "results": {
    "multi_gpu_reproducible": {
      "command": [
        "/home/sophgo13/cjl/storage/parameter-importance/envs/parameter-importance/bin/python",
        "-m",
        "pytest",
        "-q",
        "tests/test_distributed_trainer_integration.py",
        "--junitxml=/tmp/stage-ab-repro-w6jf9kz_/junit.xml"
      ],
      "elapsed_seconds": 11.513555396348238,
      "junit_counts": {
        "errors": 0,
        "failures": 0,
        "skipped": 0,
        "tests": 1
      },
      "passed": true,
      "returncode": 0,
      "stderr": "",
      "stdout": ".                                                                        [100%]\n1 passed in 9.49s\n",
      "test_path": "tests/test_distributed_trainer_integration.py"
    },
    "resume_reproducible": {
      "command": [
        "/home/sophgo13/cjl/storage/parameter-importance/envs/parameter-importance/bin/python",
        "-m",
        "pytest",
        "-q",
        "tests/test_checkpoint_resume_integration.py",
        "--junitxml=/tmp/stage-ab-repro-ttf92oao/junit.xml"
      ],
      "elapsed_seconds": 16.351851273328066,
      "junit_counts": {
        "errors": 0,
        "failures": 0,
        "skipped": 0,
        "tests": 1
      },
      "passed": true,
      "returncode": 0,
      "stderr": "",
      "stdout": ".                                                                        [100%]\n1 passed in 15.71s\n",
      "test_path": "tests/test_checkpoint_resume_integration.py"
    }
  },
  "resume_reproducible": true,
  "schema_version": "stage-ab-reproducibility-v1",
  "torch": "2.12.1+cu126",
  "world_size_contract": 4
}
